{"timestamp": "2025-06-02T04:47:30.670834", "alert_type": "Drift Detected", "status": "Sent", "details": {"recipient": "tranchucthienmt@gmail.com", "name": "Accuracy metric: Equal Reference ± 0.167", "description": "Accuracy metric: Actual value 0.543 , but expected 0.836 ± 0.167"}}
{"timestamp": "2025-06-02T04:47:30.670950", "alert_type": "Drift Detected", "status": "Sent", "details": {"recipient": "tranchucthienmt@gmail.com", "name": "Precision metric: Equal Reference ± 0.167", "description": "Precision metric: Actual value 0.376 , but expected 0.836 ± 0.167"}}
{"timestamp": "2025-06-02T04:47:30.670996", "alert_type": "Drift Detected", "status": "Sent", "details": {"recipient": "tranchucthienmt@gmail.com", "name": "Recall metric: Equal Reference ± 0.167", "description": "Recall metric: Actual value 0.518 , but expected 0.836 ± 0.167"}}
{"timestamp": "2025-06-02T04:47:30.671032", "alert_type": "Drift Detected", "status": "Sent", "details": {"recipient": "tranchucthienmt@gmail.com", "name": "F1 score metric: Equal Reference ± 0.167", "description": "F1 score metric: Actual value 0.326 , but expected 0.836 ± 0.167"}}
{"timestamp": "2025-06-02T05:38:25.564247", "alert_type": "Drift Detected", "status": "Sent", "details": {"recipient": "tranchucthienmt@gmail.com", "name": "Accuracy metric: Equal Reference ± 0.167", "description": "Accuracy metric: Actual value 0.543 , but expected 0.836 ± 0.167"}}
{"timestamp": "2025-06-02T05:38:25.564364", "alert_type": "Drift Detected", "status": "Sent", "details": {"recipient": "tranchucthienmt@gmail.com", "name": "Precision metric: Equal Reference ± 0.167", "description": "Precision metric: Actual value 0.376 , but expected 0.836 ± 0.167"}}
{"timestamp": "2025-06-02T05:38:25.564409", "alert_type": "Drift Detected", "status": "Sent", "details": {"recipient": "tranchucthienmt@gmail.com", "name": "Recall metric: Equal Reference ± 0.167", "description": "Recall metric: Actual value 0.518 , but expected 0.836 ± 0.167"}}
{"timestamp": "2025-06-02T05:38:25.564443", "alert_type": "Drift Detected", "status": "Sent", "details": {"recipient": "tranchucthienmt@gmail.com", "name": "F1 score metric: Equal Reference ± 0.167", "description": "F1 score metric: Actual value 0.326 , but expected 0.836 ± 0.167"}}
{"timestamp": "2025-06-02T07:20:52.505021", "alert_type": "Drift Detected", "status": "Sent", "details": {"recipient": "tranchucthienmt@gmail.com", "name": "Duplicated row count in dataset: Equal 0.000", "description": "Duplicated row count in dataset: Actual value 8492.000 , but expected 0.000"}}
{"timestamp": "2025-06-02T07:29:14.907913", "alert_type": "Drift Detected", "status": "Sent", "details": {"recipient": "tranchucthienmt@gmail.com", "name": "Duplicated row count in dataset: Equal 0.000", "description": "Duplicated row count in dataset: Actual value 8492.000 , but expected 0.000"}}
{"timestamp": "2025-06-02T07:37:58.359717", "alert_type": "Datasset Summary Issue", "status": "Sent", "details": {"recipient": "tranchucthienmt@gmail.com", "name": "Duplicated row count in dataset: Equal 0.000", "description": "Duplicated row count in dataset: Actual value 8492.000 , but expected 0.000"}}
{"timestamp": "2025-06-02T07:50:19.867880", "alert_type": "Datasset Summary Issue", "status": "Sent", "details": {"recipient": "tranchucthienmt@gmail.com", "name": "Duplicated row count in dataset: Equal 0.000", "description": "Duplicated row count in dataset: Actual value 8492.000 , but expected 0.000"}}
{"timestamp": "2025-06-02T07:52:27.191929", "alert_type": "Datasset Summary Issue", "status": "Sent", "details": {"recipient": "tranchucthienmt@gmail.com", "name": "Duplicated row count in dataset: Equal 0.000", "description": "Duplicated row count in dataset: Actual value 8770.000 , but expected 0.000"}}
{"timestamp": "2025-06-02T08:01:55.775538", "alert_type": "Drift Detected", "status": "Sent", "details": {"recipient": "tranchucthienmt@gmail.com", "name": "Accuracy metric: Equal Reference ± 0.167", "description": "Accuracy metric: Actual value 0.615 , but expected 0.836 ± 0.167"}}
{"timestamp": "2025-06-02T08:01:55.775671", "alert_type": "Drift Detected", "status": "Sent", "details": {"recipient": "tranchucthienmt@gmail.com", "name": "Precision metric: Equal Reference ± 0.167", "description": "Precision metric: Actual value 0.377 , but expected 0.836 ± 0.167"}}
{"timestamp": "2025-06-02T08:01:55.775722", "alert_type": "Drift Detected", "status": "Sent", "details": {"recipient": "tranchucthienmt@gmail.com", "name": "Recall metric: Equal Reference ± 0.167", "description": "Recall metric: Actual value 0.486 , but expected 0.836 ± 0.167"}}
{"timestamp": "2025-06-02T08:01:55.775758", "alert_type": "Drift Detected", "status": "Sent", "details": {"recipient": "tranchucthienmt@gmail.com", "name": "F1 score metric: Equal Reference ± 0.167", "description": "F1 score metric: Actual value 0.348 , but expected 0.836 ± 0.167"}}
{"timestamp": "2025-06-02T10:55:05.931733", "alert_type": "Drift Detected", "status": "Sent", "details": {"recipient": "tranchucthienmt@gmail.com", "name": "Precision metric: Equal Reference ± 0.167", "description": "Precision metric: Actual value 0.478 , but expected 0.836 ± 0.167"}}
{"timestamp": "2025-06-02T10:55:05.931865", "alert_type": "Drift Detected", "status": "Sent", "details": {"recipient": "tranchucthienmt@gmail.com", "name": "Recall metric: Equal Reference ± 0.167", "description": "Recall metric: Actual value 0.485 , but expected 0.836 ± 0.167"}}
{"timestamp": "2025-06-02T10:55:05.931911", "alert_type": "Drift Detected", "status": "Sent", "details": {"recipient": "tranchucthienmt@gmail.com", "name": "F1 score metric: Equal Reference ± 0.167", "description": "F1 score metric: Actual value 0.475 , but expected 0.836 ± 0.167"}}
{"timestamp": "2025-06-02T11:36:22.382339", "alert_type": "Drift Detected", "status": "Sent", "details": {"recipient": "tranchucthienmt@gmail.com", "name": "Precision metric: Equal Reference ± 0.167", "description": "Precision metric: Actual value 0.478 , but expected 0.836 ± 0.167"}}
{"timestamp": "2025-06-02T11:36:22.382467", "alert_type": "Drift Detected", "status": "Sent", "details": {"recipient": "tranchucthienmt@gmail.com", "name": "Recall metric: Equal Reference ± 0.167", "description": "Recall metric: Actual value 0.485 , but expected 0.836 ± 0.167"}}
{"timestamp": "2025-06-02T11:36:22.382513", "alert_type": "Drift Detected", "status": "Sent", "details": {"recipient": "tranchucthienmt@gmail.com", "name": "F1 score metric: Equal Reference ± 0.167", "description": "F1 score metric: Actual value 0.475 , but expected 0.836 ± 0.167"}}
{"timestamp": "2025-06-02T11:44:25.561702", "alert_type": "Drift Detected", "status": "Sent", "details": {"recipient": "tranchucthienmt@gmail.com", "name": "Precision metric: Equal Reference ± 0.167", "description": "Precision metric: Actual value 0.478 , but expected 0.836 ± 0.167"}}
{"timestamp": "2025-06-02T11:44:25.561821", "alert_type": "Drift Detected", "status": "Sent", "details": {"recipient": "tranchucthienmt@gmail.com", "name": "Recall metric: Equal Reference ± 0.167", "description": "Recall metric: Actual value 0.485 , but expected 0.836 ± 0.167"}}
{"timestamp": "2025-06-02T11:44:25.561894", "alert_type": "Drift Detected", "status": "Sent", "details": {"recipient": "tranchucthienmt@gmail.com", "name": "F1 score metric: Equal Reference ± 0.167", "description": "F1 score metric: Actual value 0.475 , but expected 0.836 ± 0.167"}}
{"timestamp": "2025-06-02T15:43:38.926515", "alert_type": "Datasset Summary Issue", "status": "Sent", "details": {"recipient": "tranchucthienmt@gmail.com", "name": "Duplicated row count in dataset: Equal 0.000", "description": "Duplicated row count in dataset: Actual value 8492.000 , but expected 0.000"}}
{"timestamp": "2025-06-02T17:49:35.437598", "alert_type": "Drift Detected", "status": "Sent", "details": {"recipient": "tranchucthienmt@gmail.com", "name": "Accuracy metric: Greater or Equal 0.800", "description": "Accuracy metric: Actual value 0.744 < 0.800"}}
{"timestamp": "2025-06-02T17:49:35.437716", "alert_type": "Drift Detected", "status": "Sent", "details": {"recipient": "tranchucthienmt@gmail.com", "name": "Precision metric: Greater or Equal 0.800", "description": "Precision metric: Actual value 0.700 < 0.800"}}
{"timestamp": "2025-06-02T17:49:35.437768", "alert_type": "Drift Detected", "status": "Sent", "details": {"recipient": "tranchucthienmt@gmail.com", "name": "Recall metric: Greater or Equal 0.800", "description": "Recall metric: Actual value 0.774 < 0.800"}}
{"timestamp": "2025-06-02T17:49:35.437804", "alert_type": "Drift Detected", "status": "Sent", "details": {"recipient": "tranchucthienmt@gmail.com", "name": "F1 score metric: Greater or Equal 0.800", "description": "F1 score metric: Actual value 0.721 < 0.800"}}
{"timestamp": "2025-06-02T17:58:13.029013", "alert_type": "Drift Detected", "status": "Sent", "details": {"recipient": "tranchucthienmt@gmail.com", "name": "Accuracy metric: Greater or Equal 0.800", "description": "Accuracy metric: Actual value 0.744 < 0.800"}}
{"timestamp": "2025-06-02T17:58:13.029147", "alert_type": "Drift Detected", "status": "Sent", "details": {"recipient": "tranchucthienmt@gmail.com", "name": "Precision metric: Greater or Equal 0.800", "description": "Precision metric: Actual value 0.700 < 0.800"}}
{"timestamp": "2025-06-02T17:58:13.029200", "alert_type": "Drift Detected", "status": "Sent", "details": {"recipient": "tranchucthienmt@gmail.com", "name": "Recall metric: Greater or Equal 0.800", "description": "Recall metric: Actual value 0.774 < 0.800"}}
{"timestamp": "2025-06-02T17:58:13.029237", "alert_type": "Drift Detected", "status": "Sent", "details": {"recipient": "tranchucthienmt@gmail.com", "name": "F1 score metric: Greater or Equal 0.800", "description": "F1 score metric: Actual value 0.721 < 0.800"}}
{"timestamp": "2025-06-04T06:49:07.176678", "alert_type": "Datasset Summary Issue", "status": "Sent", "details": {"recipient": "tranchucthienmt@gmail.com", "name": "Duplicated row count in dataset: Equal 0.000", "description": "Duplicated row count in dataset: Actual value 8492.000 , but expected 0.000"}}
{"timestamp": "2025-06-04T06:50:37.312152", "alert_type": "Drift Detected", "status": "Sent", "details": {"recipient": "tranchucthienmt@gmail.com", "name": "Accuracy metric: Greater or Equal Reference ± 0.085", "description": "Accuracy metric: Actual value 0.744 < 0.855 ± 0.085"}}
{"timestamp": "2025-06-04T06:50:39.288760", "alert_type": "Drift Detected", "status": "Sent", "details": {"recipient": "tranchucthienmt@gmail.com", "name": "Precision metric: Greater or Equal Reference ± 0.086", "description": "Precision metric: Actual value 0.700 < 0.855 ± 0.086"}}
{"timestamp": "2025-06-04T06:50:41.306344", "alert_type": "Drift Detected", "status": "Sent", "details": {"recipient": "tranchucthienmt@gmail.com", "name": "F1 score metric: Greater or Equal Reference ± 0.086", "description": "F1 score metric: Actual value 0.721 < 0.855 ± 0.086"}}
{"timestamp": "2025-06-04T07:49:39.816991", "alert_type": "Datasset Summary Issue", "status": "Sent", "details": {"recipient": "tranchucthienmt@gmail.com", "name": "Duplicated row count in dataset: Equal 0.000", "description": "Duplicated row count in dataset: Actual value 8492.000 , but expected 0.000"}}
{"timestamp": "2025-06-04T08:10:09.816421", "alert_type": "Drift Detected", "status": "Sent", "details": {"recipient": "tranchucthienmt@gmail.com", "name": "Accuracy metric: Greater or Equal Reference ± 0.085", "description": "Accuracy metric: Actual value 0.744 < 0.855 ± 0.085"}}
{"timestamp": "2025-06-04T08:10:12.056917", "alert_type": "Drift Detected", "status": "Sent", "details": {"recipient": "tranchucthienmt@gmail.com", "name": "Precision metric: Greater or Equal Reference ± 0.086", "description": "Precision metric: Actual value 0.700 < 0.855 ± 0.086"}}
{"timestamp": "2025-06-04T08:10:14.297699", "alert_type": "Drift Detected", "status": "Sent", "details": {"recipient": "tranchucthienmt@gmail.com", "name": "F1 score metric: Greater or Equal Reference ± 0.086", "description": "F1 score metric: Actual value 0.721 < 0.855 ± 0.086"}}
